[debug] > Exec(test:runMain HelloTest, None, None)
[debug] Evaluating tasks: Test / runMain
[warn] sbt 0.13 shell syntax is deprecated; use slash syntax instead: Test / runMain
[debug] Running task... Cancel: Signal, check cycles: false, forcegc: true
[info] compiling 8 Scala sources to C:\Users\William\Desktop\codeA2\codeA2\target\scala-2.12\classes ...
[error] ## Exception when compiling 8 sources to C:\Users\William\Desktop\codeA2\codeA2\target\scala-2.12\classes
[error] java.io.IOError: java.lang.RuntimeException: /packages cannot be represented as URI
[error] java.base/jdk.internal.jrtfs.JrtPath.toUri(JrtPath.java:175)
[error] scala.tools.nsc.classpath.JrtClassPath.asURLs(DirectoryClassPath.scala:213)
[error] scala.tools.nsc.classpath.AggregateClassPath.$anonfun$asURLs$1(AggregateClassPath.scala:64)
[error] scala.collection.TraversableLike.$anonfun$flatMap$1(TraversableLike.scala:244)
[error] scala.collection.Iterator.foreach(Iterator.scala:941)
[error] scala.collection.Iterator.foreach$(Iterator.scala:941)
[error] scala.collection.AbstractIterator.foreach(Iterator.scala:1429)
[error] scala.collection.IterableLike.foreach(IterableLike.scala:74)
[error] scala.collection.IterableLike.foreach$(IterableLike.scala:73)
[error] scala.collection.AbstractIterable.foreach(Iterable.scala:56)
[error] scala.collection.TraversableLike.flatMap(TraversableLike.scala:244)
[error] scala.collection.TraversableLike.flatMap$(TraversableLike.scala:241)
[error] scala.collection.AbstractTraversable.flatMap(Traversable.scala:108)
[error] scala.tools.nsc.classpath.AggregateClassPath.asURLs(AggregateClassPath.scala:64)
[error] scala.tools.nsc.typechecker.Macros.findMacroClassLoader(Macros.scala:78)
[error] scala.tools.nsc.typechecker.Macros.findMacroClassLoader$(Macros.scala:77)
[error] scala.tools.nsc.Global$$anon$4.findMacroClassLoader(Global.scala:477)
[error] scala.reflect.macros.runtime.MacroRuntimes.$anonfun$defaultMacroClassloaderCache$2(MacroRuntimes.scala:68)
[error] scala.reflect.internal.SymbolTable$perRunCaches$$anon$2.apply(SymbolTable.scala:477)
[error] scala.reflect.macros.runtime.MacroRuntimes.defaultMacroClassloader(MacroRuntimes.scala:70)
[error] scala.reflect.macros.runtime.MacroRuntimes.defaultMacroClassloader$(MacroRuntimes.scala:70)
[error] scala.tools.nsc.Global$$anon$4.defaultMacroClassloader(Global.scala:477)
[error] scala.reflect.macros.runtime.MacroRuntimes$MacroRuntimeResolver.resolveRuntime(MacroRuntimes.scala:88)
[error] scala.reflect.macros.runtime.MacroRuntimes.$anonfun$standardMacroRuntime$3(MacroRuntimes.scala:50)
[error] scala.collection.mutable.MapLike.getOrElseUpdate(MapLike.scala:209)
[error] scala.collection.mutable.MapLike.getOrElseUpdate$(MapLike.scala:206)
[error] scala.collection.mutable.AbstractMap.getOrElseUpdate(Map.scala:82)
[error] scala.reflect.macros.runtime.MacroRuntimes.standardMacroRuntime(MacroRuntimes.scala:50)
[error] scala.reflect.macros.runtime.MacroRuntimes.standardMacroRuntime$(MacroRuntimes.scala:43)
[error] scala.tools.nsc.Global$$anon$4.standardMacroRuntime(Global.scala:477)
[error] scala.tools.nsc.typechecker.AnalyzerPlugins$$anon$14.default(AnalyzerPlugins.scala:455)
[error] scala.tools.nsc.typechecker.AnalyzerPlugins$$anon$14.default(AnalyzerPlugins.scala:452)
[error] scala.tools.nsc.typechecker.AnalyzerPlugins.invoke(AnalyzerPlugins.scala:408)
[error] scala.tools.nsc.typechecker.AnalyzerPlugins.pluginsMacroRuntime(AnalyzerPlugins.scala:452)
[error] scala.tools.nsc.typechecker.AnalyzerPlugins.pluginsMacroRuntime$(AnalyzerPlugins.scala:452)
[error] scala.tools.nsc.Global$$anon$4.pluginsMacroRuntime(Global.scala:477)
[error] scala.reflect.macros.runtime.MacroRuntimes.macroRuntime(MacroRuntimes.scala:37)
[error] scala.reflect.macros.runtime.MacroRuntimes.macroRuntime$(MacroRuntimes.scala:37)
[error] scala.tools.nsc.Global$$anon$4.macroRuntime(Global.scala:477)
[error] scala.tools.nsc.typechecker.Macros$MacroExpander.$anonfun$expand$1(Macros.scala:631)
[error] scala.tools.nsc.Global.withInfoLevel(Global.scala:227)
[error] scala.tools.nsc.typechecker.Macros$MacroExpander.expand(Macros.scala:625)
[error] scala.tools.nsc.typechecker.Macros$MacroExpander.apply(Macros.scala:612)
[error] scala.tools.nsc.typechecker.Macros.standardMacroExpand(Macros.scala:787)
[error] scala.tools.nsc.typechecker.Macros.standardMacroExpand$(Macros.scala:785)
[error] scala.tools.nsc.Global$$anon$4.standardMacroExpand(Global.scala:477)
[error] scala.tools.nsc.typechecker.AnalyzerPlugins$$anon$12.default(AnalyzerPlugins.scala:439)
[error] scala.tools.nsc.typechecker.AnalyzerPlugins$$anon$12.default(AnalyzerPlugins.scala:436)
[error] scala.tools.nsc.typechecker.AnalyzerPlugins.invoke(AnalyzerPlugins.scala:408)
[error] scala.tools.nsc.typechecker.AnalyzerPlugins.pluginsMacroExpand(AnalyzerPlugins.scala:436)
[error] scala.tools.nsc.typechecker.AnalyzerPlugins.pluginsMacroExpand$(AnalyzerPlugins.scala:436)
[error] scala.tools.nsc.Global$$anon$4.pluginsMacroExpand(Global.scala:477)
[error] scala.tools.nsc.typechecker.Macros.macroExpand(Macros.scala:776)
[error] scala.tools.nsc.typechecker.Macros.macroExpand$(Macros.scala:769)
[error] scala.tools.nsc.Global$$anon$4.macroExpand(Global.scala:477)
[error] scala.tools.nsc.typechecker.Typers$Typer.vanillaAdapt$1(Typers.scala:1183)
[error] scala.tools.nsc.typechecker.Typers$Typer.adapt(Typers.scala:1243)
[error] scala.tools.nsc.typechecker.Typers$Typer.typed(Typers.scala:5740)
[error] scala.tools.nsc.typechecker.Typers$Typer.$anonfun$typedArg$1(Typers.scala:3389)
[error] scala.tools.nsc.typechecker.Typers$Typer.typedArg(Typers.scala:500)
[error] scala.tools.nsc.typechecker.PatternTypers$PatternTyper.typedArgWithFormal$1(PatternTypers.scala:115)
[error] scala.tools.nsc.typechecker.PatternTypers$PatternTyper.$anonfun$typedArgsForFormals$4(PatternTypers.scala:129)
[error] scala.tools.nsc.typechecker.PatternTypers$PatternTyper.typedArgsForFormals(PatternTypers.scala:129)
[error] scala.tools.nsc.typechecker.PatternTypers$PatternTyper.typedArgsForFormals$(PatternTypers.scala:110)
[error] scala.tools.nsc.typechecker.Typers$Typer.typedArgsForFormals(Typers.scala:202)
[error] scala.tools.nsc.typechecker.Typers$Typer.handleMonomorphicCall$1(Typers.scala:3728)
[error] scala.tools.nsc.typechecker.Typers$Typer.doTypedApply(Typers.scala:3761)
[error] scala.tools.nsc.typechecker.Typers$Typer.normalTypedApply$1(Typers.scala:4876)
[error] scala.tools.nsc.typechecker.Typers$Typer.typedApply$1(Typers.scala:4885)
[error] scala.tools.nsc.typechecker.Typers$Typer.typed1(Typers.scala:5680)
[error] scala.tools.nsc.typechecker.Typers$Typer.typed(Typers.scala:5726)
[error] scala.tools.nsc.typechecker.Typers$Typer.$anonfun$adapt$1(Typers.scala:901)
[error] scala.tools.nsc.typechecker.Typers$Typer.adaptToImplicitMethod$1(Typers.scala:500)
[error] scala.tools.nsc.typechecker.Typers$Typer.adapt(Typers.scala:1239)
[error] scala.tools.nsc.typechecker.Typers$Typer.typed(Typers.scala:5740)
[error] scala.tools.nsc.typechecker.Typers$Typer.typedStat$1(Typers.scala:5790)
[error] scala.tools.nsc.typechecker.Typers$Typer.$anonfun$typedStats$10(Typers.scala:3373)
[error] scala.tools.nsc.typechecker.Typers$Typer.typedStats(Typers.scala:3373)
[error] scala.tools.nsc.typechecker.Typers$Typer.typedBlock(Typers.scala:2503)
[error] scala.tools.nsc.typechecker.Typers$Typer.$anonfun$typed1$98(Typers.scala:5655)
[error] scala.tools.nsc.typechecker.Typers$Typer.typedOutsidePatternMode$1(Typers.scala:500)
[error] scala.tools.nsc.typechecker.Typers$Typer.typed1(Typers.scala:5690)
[error] scala.tools.nsc.typechecker.Typers$Typer.typed(Typers.scala:5726)
[error] scala.tools.nsc.typechecker.Typers$Typer.typedDefDef(Typers.scala:5788)
[error] scala.tools.nsc.typechecker.Typers$Typer.typed1(Typers.scala:5645)
[error] scala.tools.nsc.typechecker.Typers$Typer.typed(Typers.scala:5726)
[error] scala.tools.nsc.typechecker.Typers$Typer.typedStat$1(Typers.scala:5790)
[error] scala.tools.nsc.typechecker.Typers$Typer.$anonfun$typedStats$10(Typers.scala:3373)
[error] scala.tools.nsc.typechecker.Typers$Typer.typedStats(Typers.scala:3373)
[error] scala.tools.nsc.typechecker.Typers$Typer.typedTemplate(Typers.scala:2030)
[error] scala.tools.nsc.typechecker.Typers$Typer.typedClassDef(Typers.scala:1843)
[error] scala.tools.nsc.typechecker.Typers$Typer.typed1(Typers.scala:5646)
[error] scala.tools.nsc.typechecker.Typers$Typer.typed(Typers.scala:5726)
[error] scala.tools.nsc.typechecker.Typers$Typer.typedStat$1(Typers.scala:5790)
[error] scala.tools.nsc.typechecker.Typers$Typer.$anonfun$typedStats$10(Typers.scala:3373)
[error] scala.tools.nsc.typechecker.Typers$Typer.typedStats(Typers.scala:3373)
[error] scala.tools.nsc.typechecker.Typers$Typer.typedPackageDef$1(Typers.scala:5356)
[error] scala.tools.nsc.typechecker.Typers$Typer.typed1(Typers.scala:5649)
[error] scala.tools.nsc.typechecker.Typers$Typer.typed(Typers.scala:5726)
[error] scala.tools.nsc.typechecker.Analyzer$typerFactory$TyperPhase.apply(Analyzer.scala:114)
[error] scala.tools.nsc.Global$GlobalPhase.applyPhase(Global.scala:448)
[error] scala.tools.nsc.typechecker.Analyzer$typerFactory$TyperPhase.run(Analyzer.scala:103)
[error] scala.tools.nsc.Global$Run.compileUnitsInternal(Global.scala:1498)
[error] scala.tools.nsc.Global$Run.compileUnits(Global.scala:1482)
[error] scala.tools.nsc.Global$Run.compileSources(Global.scala:1475)
[error] scala.tools.nsc.Global$Run.compileFiles(Global.scala:1580)
[error] xsbt.CachedCompiler0.run(CompilerBridge.scala:163)
[error] xsbt.CachedCompiler0.run(CompilerBridge.scala:134)
[error] xsbt.CompilerBridge.run(CompilerBridge.scala:39)
[error] sbt.internal.inc.AnalyzingCompiler.compile(AnalyzingCompiler.scala:91)
[error] sbt.internal.inc.MixedAnalyzingCompiler.$anonfun$compile$7(MixedAnalyzingCompiler.scala:192)
[error] scala.runtime.java8.JFunction0$mcV$sp.apply(JFunction0$mcV$sp.java:23)
[error] sbt.internal.inc.MixedAnalyzingCompiler.timed(MixedAnalyzingCompiler.scala:247)
[error] sbt.internal.inc.MixedAnalyzingCompiler.$anonfun$compile$4(MixedAnalyzingCompiler.scala:182)
[error] sbt.internal.inc.MixedAnalyzingCompiler.$anonfun$compile$4$adapted(MixedAnalyzingCompiler.scala:163)
[error] sbt.internal.inc.JarUtils$.withPreviousJar(JarUtils.scala:239)
[error] sbt.internal.inc.MixedAnalyzingCompiler.compileScala$1(MixedAnalyzingCompiler.scala:163)
[error] sbt.internal.inc.MixedAnalyzingCompiler.compile(MixedAnalyzingCompiler.scala:210)
[error] sbt.internal.inc.IncrementalCompilerImpl.$anonfun$compileInternal$1(IncrementalCompilerImpl.scala:528)
[error] sbt.internal.inc.IncrementalCompilerImpl.$anonfun$compileInternal$1$adapted(IncrementalCompilerImpl.scala:528)
[error] sbt.internal.inc.Incremental$.$anonfun$apply$5(Incremental.scala:175)
[error] sbt.internal.inc.Incremental$.$anonfun$apply$5$adapted(Incremental.scala:173)
[error] sbt.internal.inc.Incremental$$anon$2.run(Incremental.scala:459)
[error] sbt.internal.inc.IncrementalCommon$CycleState.next(IncrementalCommon.scala:116)
[error] sbt.internal.inc.IncrementalCommon$$anon$1.next(IncrementalCommon.scala:56)
[error] sbt.internal.inc.IncrementalCommon$$anon$1.next(IncrementalCommon.scala:52)
[error] sbt.internal.inc.IncrementalCommon.cycle(IncrementalCommon.scala:263)
[error] sbt.internal.inc.Incremental$.$anonfun$incrementalCompile$8(Incremental.scala:414)
[error] sbt.internal.inc.Incremental$.withClassfileManager(Incremental.scala:501)
[error] sbt.internal.inc.Incremental$.incrementalCompile(Incremental.scala:401)
[error] sbt.internal.inc.Incremental$.apply(Incremental.scala:167)
[error] sbt.internal.inc.IncrementalCompilerImpl.compileInternal(IncrementalCompilerImpl.scala:528)
[error] sbt.internal.inc.IncrementalCompilerImpl.$anonfun$compileIncrementally$1(IncrementalCompilerImpl.scala:482)
[error] sbt.internal.inc.IncrementalCompilerImpl.handleCompilationError(IncrementalCompilerImpl.scala:332)
[error] sbt.internal.inc.IncrementalCompilerImpl.compileIncrementally(IncrementalCompilerImpl.scala:420)
[error] sbt.internal.inc.IncrementalCompilerImpl.compile(IncrementalCompilerImpl.scala:137)
[error] sbt.Defaults$.compileIncrementalTaskImpl(Defaults.scala:2357)
[error] sbt.Defaults$.$anonfun$compileIncrementalTask$2(Defaults.scala:2314)
[error] sbt.internal.io.Retry$.apply(Retry.scala:46)
[error] sbt.internal.io.Retry$.apply(Retry.scala:28)
[error] sbt.internal.io.Retry$.apply(Retry.scala:23)
[error] sbt.internal.server.BspCompileTask$.compute(BspCompileTask.scala:31)
[error] sbt.Defaults$.$anonfun$compileIncrementalTask$1(Defaults.scala:2310)
[error] scala.Function1.$anonfun$compose$1(Function1.scala:49)
[error] sbt.internal.util.$tilde$greater.$anonfun$$u2219$1(TypeFunctions.scala:62)
[error] sbt.std.Transform$$anon$4.work(Transform.scala:68)
[error] sbt.Execute.$anonfun$submit$2(Execute.scala:282)
[error] sbt.internal.util.ErrorHandling$.wideConvert(ErrorHandling.scala:23)
[error] sbt.Execute.work(Execute.scala:291)
[error] sbt.Execute.$anonfun$submit$1(Execute.scala:282)
[error] sbt.ConcurrentRestrictions$$anon$4.$anonfun$submitValid$1(ConcurrentRestrictions.scala:265)
[error] sbt.CompletionService$$anon$2.call(CompletionService.scala:64)
[error] java.base/java.util.concurrent.FutureTask.run(FutureTask.java:264)
[error] java.base/java.util.concurrent.Executors$RunnableAdapter.call(Executors.java:539)
[error] java.base/java.util.concurrent.FutureTask.run(FutureTask.java:264)
[error] java.base/java.util.concurrent.ThreadPoolExecutor.runWorker(ThreadPoolExecutor.java:1136)
[error] java.base/java.util.concurrent.ThreadPoolExecutor$Worker.run(ThreadPoolExecutor.java:635)
[error] java.base/java.lang.Thread.run(Thread.java:833)
[error]            
[error] java.io.IOError: java.lang.RuntimeException: /packages cannot be represented as URI
[error] 	at java.base/jdk.internal.jrtfs.JrtPath.toUri(JrtPath.java:175)
[error] 	at scala.tools.nsc.classpath.JrtClassPath.asURLs(DirectoryClassPath.scala:213)
[error] 	at scala.tools.nsc.classpath.AggregateClassPath.$anonfun$asURLs$1(AggregateClassPath.scala:64)
[error] 	at scala.collection.TraversableLike.$anonfun$flatMap$1(TraversableLike.scala:244)
[error] 	at scala.collection.Iterator.foreach(Iterator.scala:941)
[error] 	at scala.collection.Iterator.foreach$(Iterator.scala:941)
[error] 	at scala.collection.AbstractIterator.foreach(Iterator.scala:1429)
[error] 	at scala.collection.IterableLike.foreach(IterableLike.scala:74)
[error] 	at scala.collection.IterableLike.foreach$(IterableLike.scala:73)
[error] 	at scala.collection.AbstractIterable.foreach(Iterable.scala:56)
[error] 	at scala.collection.TraversableLike.flatMap(TraversableLike.scala:244)
[error] 	at scala.collection.TraversableLike.flatMap$(TraversableLike.scala:241)
[error] 	at scala.collection.AbstractTraversable.flatMap(Traversable.scala:108)
[error] 	at scala.tools.nsc.classpath.AggregateClassPath.asURLs(AggregateClassPath.scala:64)
[error] 	at scala.tools.nsc.typechecker.Macros.findMacroClassLoader(Macros.scala:78)
[error] 	at scala.tools.nsc.typechecker.Macros.findMacroClassLoader$(Macros.scala:77)
[error] 	at scala.tools.nsc.Global$$anon$4.findMacroClassLoader(Global.scala:477)
[error] 	at scala.reflect.macros.runtime.MacroRuntimes.$anonfun$defaultMacroClassloaderCache$2(MacroRuntimes.scala:68)
[error] 	at scala.reflect.internal.SymbolTable$perRunCaches$$anon$2.apply(SymbolTable.scala:477)
[error] 	at scala.reflect.macros.runtime.MacroRuntimes.defaultMacroClassloader(MacroRuntimes.scala:70)
[error] 	at scala.reflect.macros.runtime.MacroRuntimes.defaultMacroClassloader$(MacroRuntimes.scala:70)
[error] 	at scala.tools.nsc.Global$$anon$4.defaultMacroClassloader(Global.scala:477)
[error] 	at scala.reflect.macros.runtime.MacroRuntimes$MacroRuntimeResolver.resolveRuntime(MacroRuntimes.scala:88)
[error] 	at scala.reflect.macros.runtime.MacroRuntimes.$anonfun$standardMacroRuntime$3(MacroRuntimes.scala:50)
[error] 	at scala.collection.mutable.MapLike.getOrElseUpdate(MapLike.scala:209)
[error] 	at scala.collection.mutable.MapLike.getOrElseUpdate$(MapLike.scala:206)
[error] 	at scala.collection.mutable.AbstractMap.getOrElseUpdate(Map.scala:82)
[error] 	at scala.reflect.macros.runtime.MacroRuntimes.standardMacroRuntime(MacroRuntimes.scala:50)
[error] 	at scala.reflect.macros.runtime.MacroRuntimes.standardMacroRuntime$(MacroRuntimes.scala:43)
[error] 	at scala.tools.nsc.Global$$anon$4.standardMacroRuntime(Global.scala:477)
[error] 	at scala.tools.nsc.typechecker.AnalyzerPlugins$$anon$14.default(AnalyzerPlugins.scala:455)
[error] 	at scala.tools.nsc.typechecker.AnalyzerPlugins$$anon$14.default(AnalyzerPlugins.scala:452)
[error] 	at scala.tools.nsc.typechecker.AnalyzerPlugins.invoke(AnalyzerPlugins.scala:408)
[error] 	at scala.tools.nsc.typechecker.AnalyzerPlugins.pluginsMacroRuntime(AnalyzerPlugins.scala:452)
[error] 	at scala.tools.nsc.typechecker.AnalyzerPlugins.pluginsMacroRuntime$(AnalyzerPlugins.scala:452)
[error] 	at scala.tools.nsc.Global$$anon$4.pluginsMacroRuntime(Global.scala:477)
[error] 	at scala.reflect.macros.runtime.MacroRuntimes.macroRuntime(MacroRuntimes.scala:37)
[error] 	at scala.reflect.macros.runtime.MacroRuntimes.macroRuntime$(MacroRuntimes.scala:37)
[error] 	at scala.tools.nsc.Global$$anon$4.macroRuntime(Global.scala:477)
[error] 	at scala.tools.nsc.typechecker.Macros$MacroExpander.$anonfun$expand$1(Macros.scala:631)
[error] 	at scala.tools.nsc.Global.withInfoLevel(Global.scala:227)
[error] 	at scala.tools.nsc.typechecker.Macros$MacroExpander.expand(Macros.scala:625)
[error] 	at scala.tools.nsc.typechecker.Macros$MacroExpander.apply(Macros.scala:612)
[error] 	at scala.tools.nsc.typechecker.Macros.standardMacroExpand(Macros.scala:787)
[error] 	at scala.tools.nsc.typechecker.Macros.standardMacroExpand$(Macros.scala:785)
[error] 	at scala.tools.nsc.Global$$anon$4.standardMacroExpand(Global.scala:477)
[error] 	at scala.tools.nsc.typechecker.AnalyzerPlugins$$anon$12.default(AnalyzerPlugins.scala:439)
[error] 	at scala.tools.nsc.typechecker.AnalyzerPlugins$$anon$12.default(AnalyzerPlugins.scala:436)
[error] 	at scala.tools.nsc.typechecker.AnalyzerPlugins.invoke(AnalyzerPlugins.scala:408)
[error] 	at scala.tools.nsc.typechecker.AnalyzerPlugins.pluginsMacroExpand(AnalyzerPlugins.scala:436)
[error] 	at scala.tools.nsc.typechecker.AnalyzerPlugins.pluginsMacroExpand$(AnalyzerPlugins.scala:436)
[error] 	at scala.tools.nsc.Global$$anon$4.pluginsMacroExpand(Global.scala:477)
[error] 	at scala.tools.nsc.typechecker.Macros.macroExpand(Macros.scala:776)
[error] 	at scala.tools.nsc.typechecker.Macros.macroExpand$(Macros.scala:769)
[error] 	at scala.tools.nsc.Global$$anon$4.macroExpand(Global.scala:477)
[error] 	at scala.tools.nsc.typechecker.Typers$Typer.vanillaAdapt$1(Typers.scala:1183)
[error] 	at scala.tools.nsc.typechecker.Typers$Typer.adapt(Typers.scala:1243)
[error] 	at scala.tools.nsc.typechecker.Typers$Typer.typed(Typers.scala:5740)
[error] 	at scala.tools.nsc.typechecker.Typers$Typer.$anonfun$typedArg$1(Typers.scala:3389)
[error] 	at scala.tools.nsc.typechecker.Typers$Typer.typedArg(Typers.scala:500)
[error] 	at scala.tools.nsc.typechecker.PatternTypers$PatternTyper.typedArgWithFormal$1(PatternTypers.scala:115)
[error] 	at scala.tools.nsc.typechecker.PatternTypers$PatternTyper.$anonfun$typedArgsForFormals$4(PatternTypers.scala:129)
[error] 	at scala.tools.nsc.typechecker.PatternTypers$PatternTyper.typedArgsForFormals(PatternTypers.scala:129)
[error] 	at scala.tools.nsc.typechecker.PatternTypers$PatternTyper.typedArgsForFormals$(PatternTypers.scala:110)
[error] 	at scala.tools.nsc.typechecker.Typers$Typer.typedArgsForFormals(Typers.scala:202)
[error] 	at scala.tools.nsc.typechecker.Typers$Typer.handleMonomorphicCall$1(Typers.scala:3728)
[error] 	at scala.tools.nsc.typechecker.Typers$Typer.doTypedApply(Typers.scala:3761)
[error] 	at scala.tools.nsc.typechecker.Typers$Typer.normalTypedApply$1(Typers.scala:4876)
[error] 	at scala.tools.nsc.typechecker.Typers$Typer.typedApply$1(Typers.scala:4885)
[error] 	at scala.tools.nsc.typechecker.Typers$Typer.typed1(Typers.scala:5680)
[error] 	at scala.tools.nsc.typechecker.Typers$Typer.typed(Typers.scala:5726)
[error] 	at scala.tools.nsc.typechecker.Typers$Typer.$anonfun$adapt$1(Typers.scala:901)
[error] 	at scala.tools.nsc.typechecker.Typers$Typer.adaptToImplicitMethod$1(Typers.scala:500)
[error] 	at scala.tools.nsc.typechecker.Typers$Typer.adapt(Typers.scala:1239)
[error] 	at scala.tools.nsc.typechecker.Typers$Typer.typed(Typers.scala:5740)
[error] 	at scala.tools.nsc.typechecker.Typers$Typer.typedStat$1(Typers.scala:5790)
[error] 	at scala.tools.nsc.typechecker.Typers$Typer.$anonfun$typedStats$10(Typers.scala:3373)
[error] 	at scala.tools.nsc.typechecker.Typers$Typer.typedStats(Typers.scala:3373)
[error] 	at scala.tools.nsc.typechecker.Typers$Typer.typedBlock(Typers.scala:2503)
[error] 	at scala.tools.nsc.typechecker.Typers$Typer.$anonfun$typed1$98(Typers.scala:5655)
[error] 	at scala.tools.nsc.typechecker.Typers$Typer.typedOutsidePatternMode$1(Typers.scala:500)
[error] 	at scala.tools.nsc.typechecker.Typers$Typer.typed1(Typers.scala:5690)
[error] 	at scala.tools.nsc.typechecker.Typers$Typer.typed(Typers.scala:5726)
[error] 	at scala.tools.nsc.typechecker.Typers$Typer.typedDefDef(Typers.scala:5788)
[error] 	at scala.tools.nsc.typechecker.Typers$Typer.typed1(Typers.scala:5645)
[error] 	at scala.tools.nsc.typechecker.Typers$Typer.typed(Typers.scala:5726)
[error] 	at scala.tools.nsc.typechecker.Typers$Typer.typedStat$1(Typers.scala:5790)
[error] 	at scala.tools.nsc.typechecker.Typers$Typer.$anonfun$typedStats$10(Typers.scala:3373)
[error] 	at scala.tools.nsc.typechecker.Typers$Typer.typedStats(Typers.scala:3373)
[error] 	at scala.tools.nsc.typechecker.Typers$Typer.typedTemplate(Typers.scala:2030)
[error] 	at scala.tools.nsc.typechecker.Typers$Typer.typedClassDef(Typers.scala:1843)
[error] 	at scala.tools.nsc.typechecker.Typers$Typer.typed1(Typers.scala:5646)
[error] 	at scala.tools.nsc.typechecker.Typers$Typer.typed(Typers.scala:5726)
[error] 	at scala.tools.nsc.typechecker.Typers$Typer.typedStat$1(Typers.scala:5790)
[error] 	at scala.tools.nsc.typechecker.Typers$Typer.$anonfun$typedStats$10(Typers.scala:3373)
[error] 	at scala.tools.nsc.typechecker.Typers$Typer.typedStats(Typers.scala:3373)
[error] 	at scala.tools.nsc.typechecker.Typers$Typer.typedPackageDef$1(Typers.scala:5356)
[error] 	at scala.tools.nsc.typechecker.Typers$Typer.typed1(Typers.scala:5649)
[error] 	at scala.tools.nsc.typechecker.Typers$Typer.typed(Typers.scala:5726)
[error] 	at scala.tools.nsc.typechecker.Analyzer$typerFactory$TyperPhase.apply(Analyzer.scala:114)
[error] 	at scala.tools.nsc.Global$GlobalPhase.applyPhase(Global.scala:448)
[error] 	at scala.tools.nsc.typechecker.Analyzer$typerFactory$TyperPhase.run(Analyzer.scala:103)
[error] 	at scala.tools.nsc.Global$Run.compileUnitsInternal(Global.scala:1498)
[error] 	at scala.tools.nsc.Global$Run.compileUnits(Global.scala:1482)
[error] 	at scala.tools.nsc.Global$Run.compileSources(Global.scala:1475)
[error] 	at scala.tools.nsc.Global$Run.compileFiles(Global.scala:1580)
[error] 	at xsbt.CachedCompiler0.run(CompilerBridge.scala:163)
[error] 	at xsbt.CachedCompiler0.run(CompilerBridge.scala:134)
[error] 	at xsbt.CompilerBridge.run(CompilerBridge.scala:39)
[error] 	at sbt.internal.inc.AnalyzingCompiler.compile(AnalyzingCompiler.scala:91)
[error] 	at sbt.internal.inc.MixedAnalyzingCompiler.$anonfun$compile$7(MixedAnalyzingCompiler.scala:192)
[error] 	at scala.runtime.java8.JFunction0$mcV$sp.apply(JFunction0$mcV$sp.java:23)
[error] 	at sbt.internal.inc.MixedAnalyzingCompiler.timed(MixedAnalyzingCompiler.scala:247)
[error] 	at sbt.internal.inc.MixedAnalyzingCompiler.$anonfun$compile$4(MixedAnalyzingCompiler.scala:182)
[error] 	at sbt.internal.inc.MixedAnalyzingCompiler.$anonfun$compile$4$adapted(MixedAnalyzingCompiler.scala:163)
[error] 	at sbt.internal.inc.JarUtils$.withPreviousJar(JarUtils.scala:239)
[error] 	at sbt.internal.inc.MixedAnalyzingCompiler.compileScala$1(MixedAnalyzingCompiler.scala:163)
[error] 	at sbt.internal.inc.MixedAnalyzingCompiler.compile(MixedAnalyzingCompiler.scala:210)
[error] 	at sbt.internal.inc.IncrementalCompilerImpl.$anonfun$compileInternal$1(IncrementalCompilerImpl.scala:528)
[error] 	at sbt.internal.inc.IncrementalCompilerImpl.$anonfun$compileInternal$1$adapted(IncrementalCompilerImpl.scala:528)
[error] 	at sbt.internal.inc.Incremental$.$anonfun$apply$5(Incremental.scala:175)
[error] 	at sbt.internal.inc.Incremental$.$anonfun$apply$5$adapted(Incremental.scala:173)
[error] 	at sbt.internal.inc.Incremental$$anon$2.run(Incremental.scala:459)
[error] 	at sbt.internal.inc.IncrementalCommon$CycleState.next(IncrementalCommon.scala:116)
[error] 	at sbt.internal.inc.IncrementalCommon$$anon$1.next(IncrementalCommon.scala:56)
[error] 	at sbt.internal.inc.IncrementalCommon$$anon$1.next(IncrementalCommon.scala:52)
[error] 	at sbt.internal.inc.IncrementalCommon.cycle(IncrementalCommon.scala:263)
[error] 	at sbt.internal.inc.Incremental$.$anonfun$incrementalCompile$8(Incremental.scala:414)
[error] 	at sbt.internal.inc.Incremental$.withClassfileManager(Incremental.scala:501)
[error] 	at sbt.internal.inc.Incremental$.incrementalCompile(Incremental.scala:401)
[error] 	at sbt.internal.inc.Incremental$.apply(Incremental.scala:167)
[error] 	at sbt.internal.inc.IncrementalCompilerImpl.compileInternal(IncrementalCompilerImpl.scala:528)
[error] 	at sbt.internal.inc.IncrementalCompilerImpl.$anonfun$compileIncrementally$1(IncrementalCompilerImpl.scala:482)
[error] 	at sbt.internal.inc.IncrementalCompilerImpl.handleCompilationError(IncrementalCompilerImpl.scala:332)
[error] 	at sbt.internal.inc.IncrementalCompilerImpl.compileIncrementally(IncrementalCompilerImpl.scala:420)
[error] 	at sbt.internal.inc.IncrementalCompilerImpl.compile(IncrementalCompilerImpl.scala:137)
[error] 	at sbt.Defaults$.compileIncrementalTaskImpl(Defaults.scala:2357)
[error] 	at sbt.Defaults$.$anonfun$compileIncrementalTask$2(Defaults.scala:2314)
[error] 	at sbt.internal.io.Retry$.apply(Retry.scala:46)
[error] 	at sbt.internal.io.Retry$.apply(Retry.scala:28)
[error] 	at sbt.internal.io.Retry$.apply(Retry.scala:23)
[error] 	at sbt.internal.server.BspCompileTask$.compute(BspCompileTask.scala:31)
[error] 	at sbt.Defaults$.$anonfun$compileIncrementalTask$1(Defaults.scala:2310)
[error] 	at scala.Function1.$anonfun$compose$1(Function1.scala:49)
[error] 	at sbt.internal.util.$tilde$greater.$anonfun$$u2219$1(TypeFunctions.scala:62)
[error] 	at sbt.std.Transform$$anon$4.work(Transform.scala:68)
[error] 	at sbt.Execute.$anonfun$submit$2(Execute.scala:282)
[error] 	at sbt.internal.util.ErrorHandling$.wideConvert(ErrorHandling.scala:23)
[error] 	at sbt.Execute.work(Execute.scala:291)
[error] 	at sbt.Execute.$anonfun$submit$1(Execute.scala:282)
[error] 	at sbt.ConcurrentRestrictions$$anon$4.$anonfun$submitValid$1(ConcurrentRestrictions.scala:265)
[error] 	at sbt.CompletionService$$anon$2.call(CompletionService.scala:64)
[error] 	at java.base/java.util.concurrent.FutureTask.run(FutureTask.java:264)
[error] 	at java.base/java.util.concurrent.Executors$RunnableAdapter.call(Executors.java:539)
[error] 	at java.base/java.util.concurrent.FutureTask.run(FutureTask.java:264)
[error] 	at java.base/java.util.concurrent.ThreadPoolExecutor.runWorker(ThreadPoolExecutor.java:1136)
[error] 	at java.base/java.util.concurrent.ThreadPoolExecutor$Worker.run(ThreadPoolExecutor.java:635)
[error] 	at java.base/java.lang.Thread.run(Thread.java:833)
[error] Caused by: java.lang.RuntimeException: /packages cannot be represented as URI
[error] 	at java.base/jdk.internal.jrtfs.JrtPath.toUri(JrtPath.java:175)
[error] 	at scala.tools.nsc.classpath.JrtClassPath.asURLs(DirectoryClassPath.scala:213)
[error] 	at scala.tools.nsc.classpath.AggregateClassPath.$anonfun$asURLs$1(AggregateClassPath.scala:64)
[error] 	at scala.collection.TraversableLike.$anonfun$flatMap$1(TraversableLike.scala:244)
[error] 	at scala.collection.Iterator.foreach(Iterator.scala:941)
[error] 	at scala.collection.Iterator.foreach$(Iterator.scala:941)
[error] 	at scala.collection.AbstractIterator.foreach(Iterator.scala:1429)
[error] 	at scala.collection.IterableLike.foreach(IterableLike.scala:74)
[error] 	at scala.collection.IterableLike.foreach$(IterableLike.scala:73)
[error] 	at scala.collection.AbstractIterable.foreach(Iterable.scala:56)
[error] 	at scala.collection.TraversableLike.flatMap(TraversableLike.scala:244)
[error] 	at scala.collection.TraversableLike.flatMap$(TraversableLike.scala:241)
[error] 	at scala.collection.AbstractTraversable.flatMap(Traversable.scala:108)
[error] 	at scala.tools.nsc.classpath.AggregateClassPath.asURLs(AggregateClassPath.scala:64)
[error] 	at scala.tools.nsc.typechecker.Macros.findMacroClassLoader(Macros.scala:78)
[error] 	at scala.tools.nsc.typechecker.Macros.findMacroClassLoader$(Macros.scala:77)
[error] 	at scala.tools.nsc.Global$$anon$4.findMacroClassLoader(Global.scala:477)
[error] 	at scala.reflect.macros.runtime.MacroRuntimes.$anonfun$defaultMacroClassloaderCache$2(MacroRuntimes.scala:68)
[error] 	at scala.reflect.internal.SymbolTable$perRunCaches$$anon$2.apply(SymbolTable.scala:477)
[error] 	at scala.reflect.macros.runtime.MacroRuntimes.defaultMacroClassloader(MacroRuntimes.scala:70)
[error] 	at scala.reflect.macros.runtime.MacroRuntimes.defaultMacroClassloader$(MacroRuntimes.scala:70)
[error] 	at scala.tools.nsc.Global$$anon$4.defaultMacroClassloader(Global.scala:477)
[error] 	at scala.reflect.macros.runtime.MacroRuntimes$MacroRuntimeResolver.resolveRuntime(MacroRuntimes.scala:88)
[error] 	at scala.reflect.macros.runtime.MacroRuntimes.$anonfun$standardMacroRuntime$3(MacroRuntimes.scala:50)
[error] 	at scala.collection.mutable.MapLike.getOrElseUpdate(MapLike.scala:209)
[error] 	at scala.collection.mutable.MapLike.getOrElseUpdate$(MapLike.scala:206)
[error] 	at scala.collection.mutable.AbstractMap.getOrElseUpdate(Map.scala:82)
[error] 	at scala.reflect.macros.runtime.MacroRuntimes.standardMacroRuntime(MacroRuntimes.scala:50)
[error] 	at scala.reflect.macros.runtime.MacroRuntimes.standardMacroRuntime$(MacroRuntimes.scala:43)
[error] 	at scala.tools.nsc.Global$$anon$4.standardMacroRuntime(Global.scala:477)
[error] 	at scala.tools.nsc.typechecker.AnalyzerPlugins$$anon$14.default(AnalyzerPlugins.scala:455)
[error] 	at scala.tools.nsc.typechecker.AnalyzerPlugins$$anon$14.default(AnalyzerPlugins.scala:452)
[error] 	at scala.tools.nsc.typechecker.AnalyzerPlugins.invoke(AnalyzerPlugins.scala:408)
[error] 	at scala.tools.nsc.typechecker.AnalyzerPlugins.pluginsMacroRuntime(AnalyzerPlugins.scala:452)
[error] 	at scala.tools.nsc.typechecker.AnalyzerPlugins.pluginsMacroRuntime$(AnalyzerPlugins.scala:452)
[error] 	at scala.tools.nsc.Global$$anon$4.pluginsMacroRuntime(Global.scala:477)
[error] 	at scala.reflect.macros.runtime.MacroRuntimes.macroRuntime(MacroRuntimes.scala:37)
[error] 	at scala.reflect.macros.runtime.MacroRuntimes.macroRuntime$(MacroRuntimes.scala:37)
[error] 	at scala.tools.nsc.Global$$anon$4.macroRuntime(Global.scala:477)
[error] 	at scala.tools.nsc.typechecker.Macros$MacroExpander.$anonfun$expand$1(Macros.scala:631)
[error] 	at scala.tools.nsc.Global.withInfoLevel(Global.scala:227)
[error] 	at scala.tools.nsc.typechecker.Macros$MacroExpander.expand(Macros.scala:625)
[error] 	at scala.tools.nsc.typechecker.Macros$MacroExpander.apply(Macros.scala:612)
[error] 	at scala.tools.nsc.typechecker.Macros.standardMacroExpand(Macros.scala:787)
[error] 	at scala.tools.nsc.typechecker.Macros.standardMacroExpand$(Macros.scala:785)
[error] 	at scala.tools.nsc.Global$$anon$4.standardMacroExpand(Global.scala:477)
[error] 	at scala.tools.nsc.typechecker.AnalyzerPlugins$$anon$12.default(AnalyzerPlugins.scala:439)
[error] 	at scala.tools.nsc.typechecker.AnalyzerPlugins$$anon$12.default(AnalyzerPlugins.scala:436)
[error] 	at scala.tools.nsc.typechecker.AnalyzerPlugins.invoke(AnalyzerPlugins.scala:408)
[error] 	at scala.tools.nsc.typechecker.AnalyzerPlugins.pluginsMacroExpand(AnalyzerPlugins.scala:436)
[error] 	at scala.tools.nsc.typechecker.AnalyzerPlugins.pluginsMacroExpand$(AnalyzerPlugins.scala:436)
[error] 	at scala.tools.nsc.Global$$anon$4.pluginsMacroExpand(Global.scala:477)
[error] 	at scala.tools.nsc.typechecker.Macros.macroExpand(Macros.scala:776)
[error] 	at scala.tools.nsc.typechecker.Macros.macroExpand$(Macros.scala:769)
[error] 	at scala.tools.nsc.Global$$anon$4.macroExpand(Global.scala:477)
[error] 	at scala.tools.nsc.typechecker.Typers$Typer.vanillaAdapt$1(Typers.scala:1183)
[error] 	at scala.tools.nsc.typechecker.Typers$Typer.adapt(Typers.scala:1243)
[error] 	at scala.tools.nsc.typechecker.Typers$Typer.typed(Typers.scala:5740)
[error] 	at scala.tools.nsc.typechecker.Typers$Typer.$anonfun$typedArg$1(Typers.scala:3389)
[error] 	at scala.tools.nsc.typechecker.Typers$Typer.typedArg(Typers.scala:500)
[error] 	at scala.tools.nsc.typechecker.PatternTypers$PatternTyper.typedArgWithFormal$1(PatternTypers.scala:115)
[error] 	at scala.tools.nsc.typechecker.PatternTypers$PatternTyper.$anonfun$typedArgsForFormals$4(PatternTypers.scala:129)
[error] 	at scala.tools.nsc.typechecker.PatternTypers$PatternTyper.typedArgsForFormals(PatternTypers.scala:129)
[error] 	at scala.tools.nsc.typechecker.PatternTypers$PatternTyper.typedArgsForFormals$(PatternTypers.scala:110)
[error] 	at scala.tools.nsc.typechecker.Typers$Typer.typedArgsForFormals(Typers.scala:202)
[error] 	at scala.tools.nsc.typechecker.Typers$Typer.handleMonomorphicCall$1(Typers.scala:3728)
[error] 	at scala.tools.nsc.typechecker.Typers$Typer.doTypedApply(Typers.scala:3761)
[error] 	at scala.tools.nsc.typechecker.Typers$Typer.normalTypedApply$1(Typers.scala:4876)
[error] 	at scala.tools.nsc.typechecker.Typers$Typer.typedApply$1(Typers.scala:4885)
[error] 	at scala.tools.nsc.typechecker.Typers$Typer.typed1(Typers.scala:5680)
[error] 	at scala.tools.nsc.typechecker.Typers$Typer.typed(Typers.scala:5726)
[error] 	at scala.tools.nsc.typechecker.Typers$Typer.$anonfun$adapt$1(Typers.scala:901)
[error] 	at scala.tools.nsc.typechecker.Typers$Typer.adaptToImplicitMethod$1(Typers.scala:500)
[error] 	at scala.tools.nsc.typechecker.Typers$Typer.adapt(Typers.scala:1239)
[error] 	at scala.tools.nsc.typechecker.Typers$Typer.typed(Typers.scala:5740)
[error] 	at scala.tools.nsc.typechecker.Typers$Typer.typedStat$1(Typers.scala:5790)
[error] 	at scala.tools.nsc.typechecker.Typers$Typer.$anonfun$typedStats$10(Typers.scala:3373)
[error] 	at scala.tools.nsc.typechecker.Typers$Typer.typedStats(Typers.scala:3373)
[error] 	at scala.tools.nsc.typechecker.Typers$Typer.typedBlock(Typers.scala:2503)
[error] 	at scala.tools.nsc.typechecker.Typers$Typer.$anonfun$typed1$98(Typers.scala:5655)
[error] 	at scala.tools.nsc.typechecker.Typers$Typer.typedOutsidePatternMode$1(Typers.scala:500)
[error] 	at scala.tools.nsc.typechecker.Typers$Typer.typed1(Typers.scala:5690)
[error] 	at scala.tools.nsc.typechecker.Typers$Typer.typed(Typers.scala:5726)
[error] 	at scala.tools.nsc.typechecker.Typers$Typer.typedDefDef(Typers.scala:5788)
[error] 	at scala.tools.nsc.typechecker.Typers$Typer.typed1(Typers.scala:5645)
[error] 	at scala.tools.nsc.typechecker.Typers$Typer.typed(Typers.scala:5726)
[error] 	at scala.tools.nsc.typechecker.Typers$Typer.typedStat$1(Typers.scala:5790)
[error] 	at scala.tools.nsc.typechecker.Typers$Typer.$anonfun$typedStats$10(Typers.scala:3373)
[error] 	at scala.tools.nsc.typechecker.Typers$Typer.typedStats(Typers.scala:3373)
[error] 	at scala.tools.nsc.typechecker.Typers$Typer.typedTemplate(Typers.scala:2030)
[error] 	at scala.tools.nsc.typechecker.Typers$Typer.typedClassDef(Typers.scala:1843)
[error] 	at scala.tools.nsc.typechecker.Typers$Typer.typed1(Typers.scala:5646)
[error] 	at scala.tools.nsc.typechecker.Typers$Typer.typed(Typers.scala:5726)
[error] 	at scala.tools.nsc.typechecker.Typers$Typer.typedStat$1(Typers.scala:5790)
[error] 	at scala.tools.nsc.typechecker.Typers$Typer.$anonfun$typedStats$10(Typers.scala:3373)
[error] 	at scala.tools.nsc.typechecker.Typers$Typer.typedStats(Typers.scala:3373)
[error] 	at scala.tools.nsc.typechecker.Typers$Typer.typedPackageDef$1(Typers.scala:5356)
[error] 	at scala.tools.nsc.typechecker.Typers$Typer.typed1(Typers.scala:5649)
[error] 	at scala.tools.nsc.typechecker.Typers$Typer.typed(Typers.scala:5726)
[error] 	at scala.tools.nsc.typechecker.Analyzer$typerFactory$TyperPhase.apply(Analyzer.scala:114)
[error] 	at scala.tools.nsc.Global$GlobalPhase.applyPhase(Global.scala:448)
[error] 	at scala.tools.nsc.typechecker.Analyzer$typerFactory$TyperPhase.run(Analyzer.scala:103)
[error] 	at scala.tools.nsc.Global$Run.compileUnitsInternal(Global.scala:1498)
[error] 	at scala.tools.nsc.Global$Run.compileUnits(Global.scala:1482)
[error] 	at scala.tools.nsc.Global$Run.compileSources(Global.scala:1475)
[error] 	at scala.tools.nsc.Global$Run.compileFiles(Global.scala:1580)
[error] 	at xsbt.CachedCompiler0.run(CompilerBridge.scala:163)
[error] 	at xsbt.CachedCompiler0.run(CompilerBridge.scala:134)
[error] 	at xsbt.CompilerBridge.run(CompilerBridge.scala:39)
[error] 	at sbt.internal.inc.AnalyzingCompiler.compile(AnalyzingCompiler.scala:91)
[error] 	at sbt.internal.inc.MixedAnalyzingCompiler.$anonfun$compile$7(MixedAnalyzingCompiler.scala:192)
[error] 	at scala.runtime.java8.JFunction0$mcV$sp.apply(JFunction0$mcV$sp.java:23)
[error] 	at sbt.internal.inc.MixedAnalyzingCompiler.timed(MixedAnalyzingCompiler.scala:247)
[error] 	at sbt.internal.inc.MixedAnalyzingCompiler.$anonfun$compile$4(MixedAnalyzingCompiler.scala:182)
[error] 	at sbt.internal.inc.MixedAnalyzingCompiler.$anonfun$compile$4$adapted(MixedAnalyzingCompiler.scala:163)
[error] 	at sbt.internal.inc.JarUtils$.withPreviousJar(JarUtils.scala:239)
[error] 	at sbt.internal.inc.MixedAnalyzingCompiler.compileScala$1(MixedAnalyzingCompiler.scala:163)
[error] 	at sbt.internal.inc.MixedAnalyzingCompiler.compile(MixedAnalyzingCompiler.scala:210)
[error] 	at sbt.internal.inc.IncrementalCompilerImpl.$anonfun$compileInternal$1(IncrementalCompilerImpl.scala:528)
[error] 	at sbt.internal.inc.IncrementalCompilerImpl.$anonfun$compileInternal$1$adapted(IncrementalCompilerImpl.scala:528)
[error] 	at sbt.internal.inc.Incremental$.$anonfun$apply$5(Incremental.scala:175)
[error] 	at sbt.internal.inc.Incremental$.$anonfun$apply$5$adapted(Incremental.scala:173)
[error] 	at sbt.internal.inc.Incremental$$anon$2.run(Incremental.scala:459)
[error] 	at sbt.internal.inc.IncrementalCommon$CycleState.next(IncrementalCommon.scala:116)
[error] 	at sbt.internal.inc.IncrementalCommon$$anon$1.next(IncrementalCommon.scala:56)
[error] 	at sbt.internal.inc.IncrementalCommon$$anon$1.next(IncrementalCommon.scala:52)
[error] 	at sbt.internal.inc.IncrementalCommon.cycle(IncrementalCommon.scala:263)
[error] 	at sbt.internal.inc.Incremental$.$anonfun$incrementalCompile$8(Incremental.scala:414)
[error] 	at sbt.internal.inc.Incremental$.withClassfileManager(Incremental.scala:501)
[error] 	at sbt.internal.inc.Incremental$.incrementalCompile(Incremental.scala:401)
[error] 	at sbt.internal.inc.Incremental$.apply(Incremental.scala:167)
[error] 	at sbt.internal.inc.IncrementalCompilerImpl.compileInternal(IncrementalCompilerImpl.scala:528)
[error] 	at sbt.internal.inc.IncrementalCompilerImpl.$anonfun$compileIncrementally$1(IncrementalCompilerImpl.scala:482)
[error] 	at sbt.internal.inc.IncrementalCompilerImpl.handleCompilationError(IncrementalCompilerImpl.scala:332)
[error] 	at sbt.internal.inc.IncrementalCompilerImpl.compileIncrementally(IncrementalCompilerImpl.scala:420)
[error] 	at sbt.internal.inc.IncrementalCompilerImpl.compile(IncrementalCompilerImpl.scala:137)
[error] 	at sbt.Defaults$.compileIncrementalTaskImpl(Defaults.scala:2357)
[error] 	at sbt.Defaults$.$anonfun$compileIncrementalTask$2(Defaults.scala:2314)
[error] 	at sbt.internal.io.Retry$.apply(Retry.scala:46)
[error] 	at sbt.internal.io.Retry$.apply(Retry.scala:28)
[error] 	at sbt.internal.io.Retry$.apply(Retry.scala:23)
[error] 	at sbt.internal.server.BspCompileTask$.compute(BspCompileTask.scala:31)
[error] 	at sbt.Defaults$.$anonfun$compileIncrementalTask$1(Defaults.scala:2310)
[error] 	at scala.Function1.$anonfun$compose$1(Function1.scala:49)
[error] 	at sbt.internal.util.$tilde$greater.$anonfun$$u2219$1(TypeFunctions.scala:62)
[error] 	at sbt.std.Transform$$anon$4.work(Transform.scala:68)
[error] 	at sbt.Execute.$anonfun$submit$2(Execute.scala:282)
[error] 	at sbt.internal.util.ErrorHandling$.wideConvert(ErrorHandling.scala:23)
[error] 	at sbt.Execute.work(Execute.scala:291)
[error] 	at sbt.Execute.$anonfun$submit$1(Execute.scala:282)
[error] 	at sbt.ConcurrentRestrictions$$anon$4.$anonfun$submitValid$1(ConcurrentRestrictions.scala:265)
[error] 	at sbt.CompletionService$$anon$2.call(CompletionService.scala:64)
[error] 	at java.base/java.util.concurrent.FutureTask.run(FutureTask.java:264)
[error] 	at java.base/java.util.concurrent.Executors$RunnableAdapter.call(Executors.java:539)
[error] 	at java.base/java.util.concurrent.FutureTask.run(FutureTask.java:264)
[error] 	at java.base/java.util.concurrent.ThreadPoolExecutor.runWorker(ThreadPoolExecutor.java:1136)
[error] 	at java.base/java.util.concurrent.ThreadPoolExecutor$Worker.run(ThreadPoolExecutor.java:635)
[error] 	at java.base/java.lang.Thread.run(Thread.java:833)
[error] (Compile / compileIncremental) java.io.IOError: java.lang.RuntimeException: /packages cannot be represented as URI
[error] Total time: 2 s, completed 22 Oct 2022, 16:26:41
[debug] > Exec(idea-shell, None, None)
